<?xml version="1.0" encoding="UTF-8"?>
<!-- Generated by org.testng.reporters.JUnitReportReporter -->
<testsuite skipped="0" hostname="hp-PC" name="Flyrobe.Test2" tests="1" failures="0" timestamp="14 Dec 2017 16:17:07 GMT" time="46.289" errors="0">
  <testcase name="RunTestCase" time="46.289" classname="Flyrobe.Test2"/>
</testsuite> <!-- Flyrobe.Test2 -->
