<?xml version="1.0" encoding="UTF-8"?>
<!-- Generated by org.testng.reporters.JUnitReportReporter -->
<testsuite skipped="0" hostname="hp-PC" name="Mobile_Web_Flyrobe.Flyrobe_config" tests="1" failures="0" timestamp="26 Dec 2017 10:18:23 GMT" time="6.844" errors="0">
  <testcase name="mobile_config" time="6.844" classname="Mobile_Web_Flyrobe.Flyrobe_config"/>
</testsuite> <!-- Mobile_Web_Flyrobe.Flyrobe_config -->
