<?xml version="1.0" encoding="UTF-8"?>
<!-- Generated by org.testng.reporters.JUnitReportReporter -->
<testsuite skipped="0" hostname="hp-PC" name="Flyrobe_c2c.Flyrobe_C2C" tests="1" failures="0" timestamp="27 Dec 2017 14:03:18 GMT" time="21.682" errors="0">
  <testcase name="c2c_enterdata" time="21.682" classname="Flyrobe_c2c.Flyrobe_C2C"/>
</testsuite> <!-- Flyrobe_c2c.Flyrobe_C2C -->
