<?xml version="1.0" encoding="UTF-8"?>
<!-- Generated by org.testng.reporters.JUnitReportReporter -->
<testsuite skipped="0" hostname="hp-PC" name="Mobile_Web_Flyrobe.Flyrobe_mobile_config" tests="1" failures="0" timestamp="09 Jan 2018 13:31:58 GMT" time="75.220" errors="0">
  <testcase name="date" time="75.220" classname="Mobile_Web_Flyrobe.Flyrobe_mobile_config"/>
</testsuite> <!-- Mobile_Web_Flyrobe.Flyrobe_mobile_config -->
