<?xml version="1.0" encoding="UTF-8"?>
<!-- Generated by org.testng.reporters.JUnitReportReporter -->
<testsuite skipped="0" hostname="hp-PC" name="Flyrobe_block_logic.shop_flyrobe" tests="5" failures="0" timestamp="08 Jan 2018 13:20:06 GMT" time="68.916" errors="0">
  <testcase name="homepage" time="25.697" classname="Flyrobe_block_logic.shop_flyrobe"/>
  <testcase name="listpage" time="3.966" classname="Flyrobe_block_logic.shop_flyrobe"/>
  <testcase name="detailspage" time="19.640" classname="Flyrobe_block_logic.shop_flyrobe"/>
  <testcase name="cart" time="2.141" classname="Flyrobe_block_logic.shop_flyrobe"/>
  <testcase name="checkout" time="17.472" classname="Flyrobe_block_logic.shop_flyrobe"/>
</testsuite> <!-- Flyrobe_block_logic.shop_flyrobe -->
