<?xml version="1.0" encoding="UTF-8"?>
<!-- Generated by org.testng.reporters.JUnitReportReporter -->
<testsuite skipped="0" hostname="hp-PC" name="S_Ofs.Run_ofs" tests="2" failures="0" timestamp="11 Apr 2018 10:24:10 GMT" time="245.069" errors="0">
  <testcase name="flow1" time="139.132" classname="S_Ofs.Run_ofs"/>
  <testcase name="flow2" time="105.937" classname="S_Ofs.Run_ofs"/>
</testsuite> <!-- S_Ofs.Run_ofs -->
