<?xml version="1.0" encoding="UTF-8"?>
<!-- Generated by org.testng.reporters.JUnitReportReporter -->
<testsuite skipped="0" hostname="hp-PC" name="Flyrobe.Flyrobe_C2C" tests="1" failures="0" timestamp="27 Dec 2017 10:09:24 GMT" time="8.590" errors="0">
  <testcase name="c2c" time="8.590" classname="Flyrobe.Flyrobe_C2C"/>
</testsuite> <!-- Flyrobe.Flyrobe_C2C -->
