<?xml version="1.0" encoding="UTF-8"?>
<!-- Generated by org.testng.reporters.JUnitReportReporter -->
<testsuite skipped="0" hostname="hp-PC" name="flyrobe_web.place_men_women_order" tests="8" failures="0" timestamp="13 Dec 2017 15:06:02 GMT" time="136.749" errors="0">
  <testcase name="homepage" time="21.375" classname="flyrobe_web.place_men_women_order"/>
  <testcase name="listpage" time="3.824" classname="flyrobe_web.place_men_women_order"/>
  <testcase name="detailspage" time="30.348" classname="flyrobe_web.place_men_women_order"/>
  <testcase name="menshoplist" time="13.239" classname="flyrobe_web.place_men_women_order"/>
  <testcase name="menshop" time="9.819" classname="flyrobe_web.place_men_women_order"/>
  <testcase name="details_page" time="36.507" classname="flyrobe_web.place_men_women_order"/>
  <testcase name="cart" time="2.147" classname="flyrobe_web.place_men_women_order"/>
  <testcase name="checkout" time="19.490" classname="flyrobe_web.place_men_women_order"/>
</testsuite> <!-- flyrobe_web.place_men_women_order -->
