<?xml version="1.0" encoding="UTF-8"?>
<!-- Generated by org.testng.reporters.JUnitReportReporter -->
<testsuite skipped="0" hostname="hp-PC" name="date" tests="1" failures="0" timestamp="27 Nov 2017 11:08:56 GMT" time="31.848" errors="0">
  <testcase name="date" time="31.848" classname="date"/>
</testsuite> <!-- date -->
