<?xml version="1.0" encoding="UTF-8"?>
<!-- Generated by org.testng.reporters.JUnitReportReporter -->
<testsuite skipped="0" hostname="hp-PC" name="flyrobe_web.shop_flyrobe_non_urgernt" tests="5" failures="0" timestamp="13 Dec 2017 06:04:09 GMT" time="82.167" errors="0">
  <testcase name="homepage" time="23.373" classname="flyrobe_web.shop_flyrobe_non_urgernt"/>
  <testcase name="listpage" time="3.791" classname="flyrobe_web.shop_flyrobe_non_urgernt"/>
  <testcase name="detailspage" time="31.816" classname="flyrobe_web.shop_flyrobe_non_urgernt"/>
  <testcase name="cart" time="2.170" classname="flyrobe_web.shop_flyrobe_non_urgernt"/>
  <testcase name="checkout" time="21.017" classname="flyrobe_web.shop_flyrobe_non_urgernt"/>
</testsuite> <!-- flyrobe_web.shop_flyrobe_non_urgernt -->
